0 info it worked if it ends with ok
1 verbose cli [ '/usr/bin/nodejs', '/usr/bin/npm', 'install' ]
2 info using npm@1.3.10
3 info using node@v0.10.25
4 warn package.json alurapic@1.0.0 No description
5 warn package.json alurapic@1.0.0 No repository field.
6 warn package.json alurapic@1.0.0 No README data
7 verbose readDependencies using package.json deps
8 verbose install where, deps [ '/home/renato/Developer/sublime/alurapic',
8 verbose install   [ 'body-parser', 'express', 'nedb' ] ]
9 info preinstall alurapic@1.0.0
10 verbose readDependencies using package.json deps
11 verbose cache add [ 'body-parser@^1.12.3', null ]
12 verbose cache add name=undefined spec="body-parser@^1.12.3" args=["body-parser@^1.12.3",null]
13 verbose parsed url { protocol: null,
13 verbose parsed url   slashes: null,
13 verbose parsed url   auth: null,
13 verbose parsed url   host: null,
13 verbose parsed url   port: null,
13 verbose parsed url   hostname: null,
13 verbose parsed url   hash: null,
13 verbose parsed url   search: null,
13 verbose parsed url   query: null,
13 verbose parsed url   pathname: 'body-parser@^1.12.3',
13 verbose parsed url   path: 'body-parser@^1.12.3',
13 verbose parsed url   href: 'body-parser@^1.12.3' }
14 verbose cache add name="body-parser" spec="^1.12.3" args=["body-parser","^1.12.3"]
15 verbose parsed url { protocol: null,
15 verbose parsed url   slashes: null,
15 verbose parsed url   auth: null,
15 verbose parsed url   host: null,
15 verbose parsed url   port: null,
15 verbose parsed url   hostname: null,
15 verbose parsed url   hash: null,
15 verbose parsed url   search: null,
15 verbose parsed url   query: null,
15 verbose parsed url   pathname: '^1.12.3',
15 verbose parsed url   path: '^1.12.3',
15 verbose parsed url   href: '^1.12.3' }
16 verbose addNamed [ 'body-parser', '^1.12.3' ]
17 verbose addNamed [ null, '>=1.12.3-0 <2.0.0-0' ]
18 verbose cache add [ 'express@^4.12.3', null ]
19 verbose cache add name=undefined spec="express@^4.12.3" args=["express@^4.12.3",null]
20 verbose parsed url { protocol: null,
20 verbose parsed url   slashes: null,
20 verbose parsed url   auth: null,
20 verbose parsed url   host: null,
20 verbose parsed url   port: null,
20 verbose parsed url   hostname: null,
20 verbose parsed url   hash: null,
20 verbose parsed url   search: null,
20 verbose parsed url   query: null,
20 verbose parsed url   pathname: 'express@^4.12.3',
20 verbose parsed url   path: 'express@^4.12.3',
20 verbose parsed url   href: 'express@^4.12.3' }
21 verbose cache add name="express" spec="^4.12.3" args=["express","^4.12.3"]
22 verbose parsed url { protocol: null,
22 verbose parsed url   slashes: null,
22 verbose parsed url   auth: null,
22 verbose parsed url   host: null,
22 verbose parsed url   port: null,
22 verbose parsed url   hostname: null,
22 verbose parsed url   hash: null,
22 verbose parsed url   search: null,
22 verbose parsed url   query: null,
22 verbose parsed url   pathname: '^4.12.3',
22 verbose parsed url   path: '^4.12.3',
22 verbose parsed url   href: '^4.12.3' }
23 verbose addNamed [ 'express', '^4.12.3' ]
24 verbose addNamed [ null, '>=4.12.3-0 <5.0.0-0' ]
25 silly lockFile 82fda62c-body-parser-1-12-3 body-parser@^1.12.3
26 verbose lock body-parser@^1.12.3 /home/renato/.npm/82fda62c-body-parser-1-12-3.lock
27 silly lockFile dbce67be-express-4-12-3 express@^4.12.3
28 verbose lock express@^4.12.3 /home/renato/.npm/dbce67be-express-4-12-3.lock
29 verbose cache add [ 'nedb@^1.1.2', null ]
30 verbose cache add name=undefined spec="nedb@^1.1.2" args=["nedb@^1.1.2",null]
31 verbose parsed url { protocol: null,
31 verbose parsed url   slashes: null,
31 verbose parsed url   auth: null,
31 verbose parsed url   host: null,
31 verbose parsed url   port: null,
31 verbose parsed url   hostname: null,
31 verbose parsed url   hash: null,
31 verbose parsed url   search: null,
31 verbose parsed url   query: null,
31 verbose parsed url   pathname: 'nedb@^1.1.2',
31 verbose parsed url   path: 'nedb@^1.1.2',
31 verbose parsed url   href: 'nedb@^1.1.2' }
32 verbose cache add name="nedb" spec="^1.1.2" args=["nedb","^1.1.2"]
33 verbose parsed url { protocol: null,
33 verbose parsed url   slashes: null,
33 verbose parsed url   auth: null,
33 verbose parsed url   host: null,
33 verbose parsed url   port: null,
33 verbose parsed url   hostname: null,
33 verbose parsed url   hash: null,
33 verbose parsed url   search: null,
33 verbose parsed url   query: null,
33 verbose parsed url   pathname: '^1.1.2',
33 verbose parsed url   path: '^1.1.2',
33 verbose parsed url   href: '^1.1.2' }
34 verbose addNamed [ 'nedb', '^1.1.2' ]
35 verbose addNamed [ null, '>=1.1.2-0 <2.0.0-0' ]
36 silly lockFile 780cf7eb-nedb-1-1-2 nedb@^1.1.2
37 verbose lock nedb@^1.1.2 /home/renato/.npm/780cf7eb-nedb-1-1-2.lock
38 silly addNameRange { name: 'body-parser',
38 silly addNameRange   range: '>=1.12.3-0 <2.0.0-0',
38 silly addNameRange   hasData: false }
39 silly addNameRange { name: 'express', range: '>=4.12.3-0 <5.0.0-0', hasData: false }
40 silly addNameRange { name: 'nedb', range: '>=1.1.2-0 <2.0.0-0', hasData: false }
41 verbose url raw nedb
42 verbose url resolving [ 'https://registry.npmjs.org/', './nedb' ]
43 verbose url resolved https://registry.npmjs.org/nedb
44 info trying registry request attempt 1 at 10:20:02
45 verbose etag "49UQ4I1DYH9MBRZ4DI7S2J6O2"
46 http GET https://registry.npmjs.org/nedb
47 verbose url raw body-parser
48 verbose url resolving [ 'https://registry.npmjs.org/', './body-parser' ]
49 verbose url resolved https://registry.npmjs.org/body-parser
50 info trying registry request attempt 1 at 10:20:02
51 verbose etag "DOQ66UNMBXFIQD963GKS22EI7"
52 http GET https://registry.npmjs.org/body-parser
53 verbose url raw express
54 verbose url resolving [ 'https://registry.npmjs.org/', './express' ]
55 verbose url resolved https://registry.npmjs.org/express
56 info trying registry request attempt 1 at 10:20:02
57 verbose etag "1J5BUH10NUTPGK0E8UNA254TK"
58 http GET https://registry.npmjs.org/express
59 http 304 https://registry.npmjs.org/nedb
60 silly registry.get cb [ 304,
60 silly registry.get   { date: 'Wed, 24 Feb 2016 13:20:10 GMT',
60 silly registry.get     via: '1.1 varnish',
60 silly registry.get     'cache-control': 'max-age=300',
60 silly registry.get     etag: '"49UQ4I1DYH9MBRZ4DI7S2J6O2"',
60 silly registry.get     age: '16',
60 silly registry.get     connection: 'keep-alive',
60 silly registry.get     'x-served-by': 'cache-iad2126-IAD',
60 silly registry.get     'x-cache': 'HIT',
60 silly registry.get     'x-cache-hits': '1',
60 silly registry.get     'x-timer': 'S1456320010.359911,VS0,VE0',
60 silly registry.get     vary: 'Accept' } ]
61 verbose etag nedb from cache
62 http 304 https://registry.npmjs.org/body-parser
63 silly registry.get cb [ 304,
63 silly registry.get   { date: 'Wed, 24 Feb 2016 13:20:10 GMT',
63 silly registry.get     via: '1.1 varnish',
63 silly registry.get     'cache-control': 'max-age=300',
63 silly registry.get     etag: '"DOQ66UNMBXFIQD963GKS22EI7"',
63 silly registry.get     age: '50',
63 silly registry.get     connection: 'keep-alive',
63 silly registry.get     'x-served-by': 'cache-iad2132-IAD',
63 silly registry.get     'x-cache': 'HIT',
63 silly registry.get     'x-cache-hits': '2',
63 silly registry.get     'x-timer': 'S1456320010.369738,VS0,VE0',
63 silly registry.get     vary: 'Accept' } ]
64 verbose etag body-parser from cache
65 http 304 https://registry.npmjs.org/express
66 silly registry.get cb [ 304,
66 silly registry.get   { date: 'Wed, 24 Feb 2016 13:20:10 GMT',
66 silly registry.get     via: '1.1 varnish',
66 silly registry.get     'cache-control': 'max-age=300',
66 silly registry.get     etag: '"1J5BUH10NUTPGK0E8UNA254TK"',
66 silly registry.get     age: '26',
66 silly registry.get     connection: 'keep-alive',
66 silly registry.get     'x-served-by': 'cache-iad2122-IAD',
66 silly registry.get     'x-cache': 'HIT',
66 silly registry.get     'x-cache-hits': '2',
66 silly registry.get     'x-timer': 'S1456320010.370113,VS0,VE0',
66 silly registry.get     vary: 'Accept' } ]
67 verbose etag express from cache
68 silly addNameRange number 2 { name: 'nedb', range: '>=1.1.2-0 <2.0.0-0', hasData: true }
69 silly addNameRange versions [ 'nedb',
69 silly addNameRange   [ '0.0.1',
69 silly addNameRange     '0.0.2',
69 silly addNameRange     '0.0.3',
69 silly addNameRange     '0.0.4',
69 silly addNameRange     '0.0.5',
69 silly addNameRange     '0.0.6',
69 silly addNameRange     '0.0.7',
69 silly addNameRange     '0.2.0',
69 silly addNameRange     '0.3.0',
69 silly addNameRange     '0.3.2',
69 silly addNameRange     '0.3.3',
69 silly addNameRange     '0.3.4',
69 silly addNameRange     '0.3.5',
69 silly addNameRange     '0.3.6',
69 silly addNameRange     '0.4.0',
69 silly addNameRange     '0.4.1',
69 silly addNameRange     '0.4.2',
69 silly addNameRange     '0.5.0',
69 silly addNameRange     '0.5.1',
69 silly addNameRange     '0.5.2',
69 silly addNameRange     '0.5.3',
69 silly addNameRange     '0.5.4',
69 silly addNameRange     '0.6.0',
69 silly addNameRange     '0.6.1',
69 silly addNameRange     '0.6.2',
69 silly addNameRange     '0.7.0',
69 silly addNameRange     '0.7.1',
69 silly addNameRange     '0.7.2',
69 silly addNameRange     '0.7.3',
69 silly addNameRange     '0.7.4',
69 silly addNameRange     '0.7.5',
69 silly addNameRange     '0.7.6',
69 silly addNameRange     '0.7.7',
69 silly addNameRange     '0.7.8',
69 silly addNameRange     '0.7.9',
69 silly addNameRange     '0.7.10',
69 silly addNameRange     '0.7.11',
69 silly addNameRange     '0.7.12',
69 silly addNameRange     '0.7.13',
69 silly addNameRange     '0.7.14',
69 silly addNameRange     '0.7.15',
69 silly addNameRange     '0.8.0',
69 silly addNameRange     '0.8.1',
69 silly addNameRange     '0.8.2',
69 silly addNameRange     '0.8.3',
69 silly addNameRange     '0.8.4',
69 silly addNameRange     '0.8.5',
69 silly addNameRange     '0.8.6',
69 silly addNameRange     '0.8.7',
69 silly addNameRange     '0.8.8',
69 silly addNameRange     '0.8.9',
69 silly addNameRange     '0.8.10',
69 silly addNameRange     '0.8.11',
69 silly addNameRange     '0.8.12',
69 silly addNameRange     '0.8.13',
69 silly addNameRange     '0.9.1',
69 silly addNameRange     '0.9.2',
69 silly addNameRange     '0.9.3',
69 silly addNameRange     '0.9.4',
69 silly addNameRange     '0.10.0',
69 silly addNameRange     '0.10.1',
69 silly addNameRange     '0.10.2',
69 silly addNameRange     '0.10.3',
69 silly addNameRange     '0.10.4',
69 silly addNameRange     '0.10.5',
69 silly addNameRange     '0.10.6',
69 silly addNameRange     '0.10.7',
69 silly addNameRange     '0.10.9',
69 silly addNameRange     '0.10.10',
69 silly addNameRange     '0.10.11',
69 silly addNameRange     '0.11.0',
69 silly addNameRange     '0.11.1',
69 silly addNameRange     '0.11.2',
69 silly addNameRange     '1.0.0',
69 silly addNameRange     '1.0.1',
69 silly addNameRange     '1.0.2',
69 silly addNameRange     '1.1.0',
69 silly addNameRange     '1.1.1',
69 silly addNameRange     '1.1.2',
69 silly addNameRange     '1.1.3',
69 silly addNameRange     '1.1.4',
69 silly addNameRange     '1.2.0',
69 silly addNameRange     '1.2.1',
69 silly addNameRange     '1.3.0',
69 silly addNameRange     '1.4.0',
69 silly addNameRange     '1.5.0',
69 silly addNameRange     '1.5.1',
69 silly addNameRange     '1.6.0',
69 silly addNameRange     '1.6.1',
69 silly addNameRange     '1.6.2',
69 silly addNameRange     '1.7.1',
69 silly addNameRange     '1.7.2',
69 silly addNameRange     '1.7.3',
69 silly addNameRange     '1.7.4',
69 silly addNameRange     '1.8.0' ] ]
70 verbose addNamed [ 'nedb', '1.8.0' ]
71 verbose addNamed [ '1.8.0', '1.8.0' ]
72 silly lockFile 70cccdaf-nedb-1-8-0 nedb@1.8.0
73 verbose lock nedb@1.8.0 /home/renato/.npm/70cccdaf-nedb-1-8-0.lock
74 silly addNameRange number 2 { name: 'body-parser',
74 silly addNameRange   range: '>=1.12.3-0 <2.0.0-0',
74 silly addNameRange   hasData: true }
75 silly addNameRange versions [ 'body-parser',
75 silly addNameRange   [ '1.0.0',
75 silly addNameRange     '1.0.1',
75 silly addNameRange     '1.0.2',
75 silly addNameRange     '1.1.0',
75 silly addNameRange     '1.1.1',
75 silly addNameRange     '1.1.2',
75 silly addNameRange     '1.2.0',
75 silly addNameRange     '1.2.1',
75 silly addNameRange     '1.2.2',
75 silly addNameRange     '1.3.0',
75 silly addNameRange     '1.3.1',
75 silly addNameRange     '1.4.0',
75 silly addNameRange     '1.4.1',
75 silly addNameRange     '1.4.2',
75 silly addNameRange     '1.4.3',
75 silly addNameRange     '1.5.0',
75 silly addNameRange     '1.5.1',
75 silly addNameRange     '1.5.2',
75 silly addNameRange     '1.6.0',
75 silly addNameRange     '1.6.1',
75 silly addNameRange     '1.6.2',
75 silly addNameRange     '1.6.3',
75 silly addNameRange     '1.6.4',
75 silly addNameRange     '1.6.5',
75 silly addNameRange     '1.6.6',
75 silly addNameRange     '1.6.7',
75 silly addNameRange     '1.7.0',
75 silly addNameRange     '1.8.0',
75 silly addNameRange     '1.8.1',
75 silly addNameRange     '1.8.2',
75 silly addNameRange     '1.8.3',
75 silly addNameRange     '1.8.4',
75 silly addNameRange     '1.9.0',
75 silly addNameRange     '1.9.1',
75 silly addNameRange     '1.9.2',
75 silly addNameRange     '1.9.3',
75 silly addNameRange     '1.10.0',
75 silly addNameRange     '1.10.1',
75 silly addNameRange     '1.10.2',
75 silly addNameRange     '1.11.0',
75 silly addNameRange     '1.12.0',
75 silly addNameRange     '1.12.1',
75 silly addNameRange     '1.12.2',
75 silly addNameRange     '1.12.3',
75 silly addNameRange     '1.12.4',
75 silly addNameRange     '1.13.0',
75 silly addNameRange     '1.13.1',
75 silly addNameRange     '1.13.2',
75 silly addNameRange     '1.13.3',
75 silly addNameRange     '1.14.0',
75 silly addNameRange     '1.14.1',
75 silly addNameRange     '1.14.2',
75 silly addNameRange     '1.15.0' ] ]
76 verbose addNamed [ 'body-parser', '1.15.0' ]
77 verbose addNamed [ '1.15.0', '1.15.0' ]
78 silly lockFile 0f65416a-body-parser-1-15-0 body-parser@1.15.0
79 verbose lock body-parser@1.15.0 /home/renato/.npm/0f65416a-body-parser-1-15-0.lock
80 silly lockFile 011775a9-ry-npmjs-org-nedb-nedb-1-8-0-tgz https://registry.npmjs.org/nedb/-/nedb-1.8.0.tgz
81 verbose lock https://registry.npmjs.org/nedb/-/nedb-1.8.0.tgz /home/renato/.npm/011775a9-ry-npmjs-org-nedb-nedb-1-8-0-tgz.lock
82 silly addNameRange number 2 { name: 'express', range: '>=4.12.3-0 <5.0.0-0', hasData: true }
83 silly addNameRange versions [ 'express',
83 silly addNameRange   [ '0.14.0',
83 silly addNameRange     '0.14.1',
83 silly addNameRange     '1.0.0',
83 silly addNameRange     '1.0.1',
83 silly addNameRange     '1.0.2',
83 silly addNameRange     '1.0.3',
83 silly addNameRange     '1.0.4',
83 silly addNameRange     '1.0.5',
83 silly addNameRange     '1.0.6',
83 silly addNameRange     '1.0.7',
83 silly addNameRange     '1.0.8',
83 silly addNameRange     '2.0.0',
83 silly addNameRange     '2.1.0',
83 silly addNameRange     '2.1.1',
83 silly addNameRange     '2.2.0',
83 silly addNameRange     '2.2.1',
83 silly addNameRange     '2.2.2',
83 silly addNameRange     '2.3.0',
83 silly addNameRange     '2.3.1',
83 silly addNameRange     '2.3.2',
83 silly addNameRange     '2.3.3',
83 silly addNameRange     '2.3.4',
83 silly addNameRange     '2.3.5',
83 silly addNameRange     '2.3.6',
83 silly addNameRange     '2.3.7',
83 silly addNameRange     '2.3.8',
83 silly addNameRange     '2.3.9',
83 silly addNameRange     '2.3.10',
83 silly addNameRange     '2.3.11',
83 silly addNameRange     '2.3.12',
83 silly addNameRange     '2.4.0',
83 silly addNameRange     '2.4.1',
83 silly addNameRange     '2.4.2',
83 silly addNameRange     '2.4.3',
83 silly addNameRange     '2.4.4',
83 silly addNameRange     '2.4.5',
83 silly addNameRange     '2.4.6',
83 silly addNameRange     '2.4.7',
83 silly addNameRange     '2.5.0',
83 silly addNameRange     '2.5.1',
83 silly addNameRange     '2.5.2',
83 silly addNameRange     '2.5.3',
83 silly addNameRange     '2.5.4',
83 silly addNameRange     '2.5.5',
83 silly addNameRange     '2.5.6',
83 silly addNameRange     '2.5.7',
83 silly addNameRange     '2.5.8',
83 silly addNameRange     '2.5.9',
83 silly addNameRange     '2.5.10',
83 silly addNameRange     '2.5.11',
83 silly addNameRange     '3.0.0',
83 silly addNameRange     '3.0.1',
83 silly addNameRange     '3.0.2',
83 silly addNameRange     '3.0.3',
83 silly addNameRange     '3.0.4',
83 silly addNameRange     '3.0.5',
83 silly addNameRange     '3.0.6',
83 silly addNameRange     '3.1.0',
83 silly addNameRange     '3.1.1',
83 silly addNameRange     '3.1.2',
83 silly addNameRange     '3.2.0',
83 silly addNameRange     '3.2.1',
83 silly addNameRange     '3.2.2',
83 silly addNameRange     '3.2.3',
83 silly addNameRange     '3.2.4',
83 silly addNameRange     '3.2.5',
83 silly addNameRange     '3.2.6',
83 silly addNameRange     '3.3.0',
83 silly addNameRange     '3.3.1',
83 silly addNameRange     '3.3.2',
83 silly addNameRange     '3.3.3',
83 silly addNameRange     '3.3.4',
83 silly addNameRange     '3.3.5',
83 silly addNameRange     '3.3.6',
83 silly addNameRange     '1.0.0-beta',
83 silly addNameRange     '1.0.0-beta2',
83 silly addNameRange     '1.0.0-rc',
83 silly addNameRange     '1.0.0-rc2',
83 silly addNameRange     '1.0.0-rc3',
83 silly addNameRange     '1.0.0-rc4',
83 silly addNameRange     '2.0.0-beta',
83 silly addNameRange     '2.0.0-beta2',
83 silly addNameRange     '2.0.0-beta3',
83 silly addNameRange     '2.0.0-rc',
83 silly addNameRange     '2.0.0-rc2',
83 silly addNameRange     '2.0.0-rc3',
83 silly addNameRange     '3.0.0-alpha1',
83 silly addNameRange     '3.0.0-alpha2',
83 silly addNameRange     '3.0.0-alpha3',
83 silly addNameRange     '3.0.0-alpha4',
83 silly addNameRange     '3.0.0-alpha5',
83 silly addNameRange     '3.0.0-beta1',
83 silly addNameRange     '3.0.0-beta2',
83 silly addNameRange     '3.0.0-beta3',
83 silly addNameRange     '3.0.0-beta4',
83 silly addNameRange     '3.0.0-beta6',
83 silly addNameRange     '3.0.0-beta7',
83 silly addNameRange     '3.0.0-rc1',
83 silly addNameRange     '3.0.0-rc2',
83 silly addNameRange     '3.0.0-rc3',
83 silly addNameRange     '3.0.0-rc4',
83 silly addNameRange     '3.0.0-rc5',
83 silly addNameRange     '3.3.7',
83 silly addNameRange     '3.3.8',
83 silly addNameRange     '3.4.0',
83 silly addNameRange     '3.4.1',
83 silly addNameRange     '3.4.2',
83 silly addNameRange     '3.4.3',
83 silly addNameRange     '3.4.4',
83 silly addNameRange     '3.4.5',
83 silly addNameRange     '3.4.6',
83 silly addNameRange     '3.4.7',
83 silly addNameRange     '3.4.8',
83 silly addNameRange     '4.0.0-rc1',
83 silly addNameRange     '4.0.0-rc2',
83 silly addNameRange     '3.5.0',
83 silly addNameRange     '4.0.0-rc3',
83 silly addNameRange     '4.0.0-rc4',
83 silly addNameRange     '3.5.1',
83 silly addNameRange     '4.0.0',
83 silly addNameRange     '3.5.2',
83 silly addNameRange     '4.1.0',
83 silly addNameRange     '4.1.1',
83 silly addNameRange     '3.5.3',
83 silly addNameRange     '4.1.2',
83 silly addNameRange     '3.6.0',
83 silly addNameRange     '4.2.0',
83 silly addNameRange     '3.7.0',
83 silly addNameRange     '3.8.0',
83 silly addNameRange     '4.3.0',
83 silly addNameRange     '4.3.1',
83 silly addNameRange     '3.8.1',
83 silly addNameRange     '4.3.2',
83 silly addNameRange     '3.9.0',
83 silly addNameRange     '4.4.0',
83 silly addNameRange     '4.4.1',
83 silly addNameRange     '3.10.0',
83 silly addNameRange     '3.10.1',
83 silly addNameRange     '3.10.2',
83 silly addNameRange     '3.10.3',
83 silly addNameRange     '3.10.4',
83 silly addNameRange     '4.4.2',
83 silly addNameRange     '3.10.5',
83 silly addNameRange     '4.4.3',
83 silly addNameRange     '3.11.0',
83 silly addNameRange     '4.4.4',
83 silly addNameRange     '3.12.0',
83 silly addNameRange     '3.12.1',
83 silly addNameRange     '4.4.5',
83 silly addNameRange     '3.13.0',
83 silly addNameRange     '4.5.0',
83 silly addNameRange     '4.5.1',
83 silly addNameRange     '3.14.0',
83 silly addNameRange     '4.6.0',
83 silly addNameRange     '4.6.1',
83 silly addNameRange     '3.15.0',
83 silly addNameRange     '4.7.0',
83 silly addNameRange     '3.15.1',
83 silly addNameRange     '4.7.1',
83 silly addNameRange     '3.15.2',
83 silly addNameRange     '4.7.2',
83 silly addNameRange     '4.7.3',
83 silly addNameRange     '3.15.3',
83 silly addNameRange     '4.7.4',
83 silly addNameRange     '3.16.0',
83 silly addNameRange     '4.8.0',
83 silly addNameRange     '3.16.1',
83 silly addNameRange     '4.8.1',
83 silly addNameRange     '3.16.2',
83 silly addNameRange     '4.8.2',
83 silly addNameRange     '3.16.3',
83 silly addNameRange     '3.16.4',
83 silly addNameRange     '4.8.3',
83 silly addNameRange     '3.16.5',
83 silly addNameRange     '3.16.6',
83 silly addNameRange     '4.8.4',
83 silly addNameRange     '3.16.7',
83 silly addNameRange     '4.8.5',
83 silly addNameRange     '3.16.8',
83 silly addNameRange     '4.8.6',
83 silly addNameRange     '3.16.9',
83 silly addNameRange     '4.8.7',
83 silly addNameRange     '3.16.10',
83 silly addNameRange     '4.8.8',
83 silly addNameRange     '3.17.0',
83 silly addNameRange     '3.17.1',
83 silly addNameRange     '4.9.0',
83 silly addNameRange     '3.17.2',
83 silly addNameRange     '4.9.1',
83 silly addNameRange     '4.9.2',
83 silly addNameRange     '3.17.3',
83 silly addNameRange     '4.9.3',
83 silly addNameRange     '3.17.4',
83 silly addNameRange     '4.9.4',
83 silly addNameRange     '3.17.5',
83 silly addNameRange     '4.9.5',
83 silly addNameRange     '3.17.6',
83 silly addNameRange     '3.17.7',
83 silly addNameRange     '4.9.6',
83 silly addNameRange     '4.9.7',
83 silly addNameRange     '3.17.8',
83 silly addNameRange     '4.9.8',
83 silly addNameRange     '3.18.0',
83 silly addNameRange     '3.18.1',
83 silly addNameRange     '4.10.0',
83 silly addNameRange     '3.18.2',
83 silly addNameRange     '4.10.1',
83 silly addNameRange     '5.0.0-alpha.1',
83 silly addNameRange     '3.18.3',
83 silly addNameRange     '4.10.2',
83 silly addNameRange     '3.18.4',
83 silly addNameRange     '4.10.3',
83 silly addNameRange     '4.10.4',
83 silly addNameRange     '4.10.5',
83 silly addNameRange     '3.18.5',
83 silly addNameRange     '3.18.6',
83 silly addNameRange     '4.10.6',
83 silly addNameRange     '4.10.7',
83 silly addNameRange     '3.19.0',
83 silly addNameRange     '4.10.8',
83 silly addNameRange     '4.11.0',
83 silly addNameRange     '3.19.1',
83 silly addNameRange     '4.11.1',
83 silly addNameRange     '3.19.2',
83 silly addNameRange     '4.11.2',
83 silly addNameRange     '3.20.0',
83 silly addNameRange     '4.12.0',
83 silly addNameRange     '3.20.1',
83 silly addNameRange     '4.12.1',
83 silly addNameRange     '4.12.2',
83 silly addNameRange     '3.20.2',
83 silly addNameRange     '4.12.3',
83 silly addNameRange     '3.20.3',
83 silly addNameRange     '4.12.4',
83 silly addNameRange     '3.21.0',
83 silly addNameRange     '4.13.0',
83 silly addNameRange     '3.21.1',
83 silly addNameRange     '4.13.1',
83 silly addNameRange     '5.0.0-alpha.2',
83 silly addNameRange     '3.21.2',
83 silly addNameRange     '4.13.2',
83 silly addNameRange     '4.13.3',
83 silly addNameRange     '4.13.4' ] ]
84 verbose addNamed [ 'express', '4.13.4' ]
85 verbose addNamed [ '4.13.4', '4.13.4' ]
86 silly lockFile 23607823-express-4-13-4 express@4.13.4
87 verbose lock express@4.13.4 /home/renato/.npm/23607823-express-4-13-4.lock
88 verbose addRemoteTarball [ 'https://registry.npmjs.org/nedb/-/nedb-1.8.0.tgz',
88 verbose addRemoteTarball   '0e3502cd82c004d5355a43c9e55577bd7bd91d88' ]
89 silly lockFile b3801006-dy-parser-body-parser-1-15-0-tgz https://registry.npmjs.org/body-parser/-/body-parser-1.15.0.tgz
90 verbose lock https://registry.npmjs.org/body-parser/-/body-parser-1.15.0.tgz /home/renato/.npm/b3801006-dy-parser-body-parser-1-15-0-tgz.lock
91 verbose addRemoteTarball [ 'https://registry.npmjs.org/body-parser/-/body-parser-1.15.0.tgz',
91 verbose addRemoteTarball   '8168abaeaf9e77e300f7b3aef4df4b46e9b21b35' ]
92 silly lockFile 65e0249d-s-org-express-express-4-13-4-tgz https://registry.npmjs.org/express/-/express-4.13.4.tgz
93 verbose lock https://registry.npmjs.org/express/-/express-4.13.4.tgz /home/renato/.npm/65e0249d-s-org-express-express-4-13-4-tgz.lock
94 silly lockFile 011775a9-ry-npmjs-org-nedb-nedb-1-8-0-tgz https://registry.npmjs.org/nedb/-/nedb-1.8.0.tgz
95 silly lockFile 011775a9-ry-npmjs-org-nedb-nedb-1-8-0-tgz https://registry.npmjs.org/nedb/-/nedb-1.8.0.tgz
96 silly lockFile 70cccdaf-nedb-1-8-0 nedb@1.8.0
97 silly lockFile 70cccdaf-nedb-1-8-0 nedb@1.8.0
98 verbose addRemoteTarball [ 'https://registry.npmjs.org/express/-/express-4.13.4.tgz',
98 verbose addRemoteTarball   '3c0b76f3c77590c8345739061ec0bd3ba067ec24' ]
99 silly lockFile 780cf7eb-nedb-1-1-2 nedb@^1.1.2
100 silly lockFile 780cf7eb-nedb-1-1-2 nedb@^1.1.2
101 silly lockFile b3801006-dy-parser-body-parser-1-15-0-tgz https://registry.npmjs.org/body-parser/-/body-parser-1.15.0.tgz
102 silly lockFile b3801006-dy-parser-body-parser-1-15-0-tgz https://registry.npmjs.org/body-parser/-/body-parser-1.15.0.tgz
103 error Error: EACCES, mkdir '/home/renato/tmp/npm-8547-Bnz5YJSf'
103 error  { [Error: EACCES, mkdir '/home/renato/tmp/npm-8547-Bnz5YJSf']
103 error   errno: 3,
103 error   code: 'EACCES',
103 error   path: '/home/renato/tmp/npm-8547-Bnz5YJSf' }
104 error Please try running this command again as root/Administrator.
105 error System Linux 3.19.0-49-generic
106 error command "/usr/bin/nodejs" "/usr/bin/npm" "install"
107 error cwd /home/renato/Developer/sublime/alurapic/public
108 error node -v v0.10.25
109 error npm -v 1.3.10
110 error path /home/renato/tmp/npm-8547-Bnz5YJSf
111 error code EACCES
112 error errno 3
113 error stack Error: EACCES, mkdir '/home/renato/tmp/npm-8547-Bnz5YJSf'
114 verbose exit [ 3, true ]
